# JRE version: OpenJDK Runtime Environment (21.0.8) (build 21.0.8+-14196175-b1038.72)
# Java VM: OpenJDK 64-Bit Server VM (21.0.8+-14196175-b1038.72, mixed mode, tiered, compressed oops, compressed class ptrs, g1 gc, windows-amd64)
GC Precious Log:
 CardTable entry size: 512
 Card Set container configuration: InlinePtr #cards 5 size 8 Array Of Cards #cards 12 size 40 Howl #buckets 4 coarsen threshold 1843 Howl Bitmap #cards 512 size 80 coarsen threshold 460 Card regions per heap region 1 cards per card region 2048
 CPUs: 8 total, 8 available
 Memory: 16343M
 Large Page Support: Disabled
 NUMA Support: Disabled
 Compressed Oops: Enabled (32-bit)
 Heap Region Size: 1M
 Heap Min Capacity: 64M
 Heap Initial Capacity: 64M
 Heap Max Capacity: 64M
 Pre-touch: Disabled
 Parallel Workers: 8
 Concurrent Workers: 2
 Concurrent Refinement Workers: 8
 Periodic GC: Disabled
Heap:
 garbage-first heap   total 65536K, used 13957K [0x00000000fc000000, 0x0000000100000000)
  region size 1024K, 2 young (2048K), 1 survivors (1024K)
 Metaspace       used 19784K, committed 20096K, reserved 1114112K
  class space    used 2347K, committed 2496K, reserved 1048576K
GC Heap History (6 events):
Event: 8.866 GC heap before
{Heap before GC invocations=0 (full 0):
 garbage-first heap   total 65536K, used 23552K [0x00000000fc000000, 0x0000000100000000)
  region size 1024K, 23 young (23552K), 0 survivors (0K)
 Metaspace       used 11151K, committed 11328K, reserved 1114112K
  class space    used 1185K, committed 1280K, reserved 1048576K
}
Event: 8.881 GC heap after
{Heap after GC invocations=1 (full 0):
 garbage-first heap   total 65536K, used 5744K [0x00000000fc000000, 0x0000000100000000)
  region size 1024K, 3 young (3072K), 3 survivors (3072K)
 Metaspace       used 11151K, committed 11328K, reserved 1114112K
  class space    used 1185K, committed 1280K, reserved 1048576K
}
Event: 55.836 GC heap before
{Heap before GC invocations=1 (full 0):
 garbage-first heap   total 65536K, used 37488K [0x00000000fc000000, 0x0000000100000000)
  region size 1024K, 31 young (31744K), 3 survivors (3072K)
 Metaspace       used 19729K, committed 20032K, reserved 1114112K
  class space    used 2341K, committed 2496K, reserved 1048576K
}
Event: 60.643 GC heap after
{Heap after GC invocations=2 (full 0):
 garbage-first heap   total 65536K, used 13864K [0x00000000fc000000, 0x0000000100000000)
  region size 1024K, 4 young (4096K), 4 survivors (4096K)
 Metaspace       used 19729K, committed 20032K, reserved 1114112K
  class space    used 2341K, committed 2496K, reserved 1048576K
}
Event: 60.669 GC heap before
{Heap before GC invocations=2 (full 0):
 garbage-first heap   total 65536K, used 14888K [0x00000000fc000000, 0x0000000100000000)
  region size 1024K, 5 young (5120K), 4 survivors (4096K)
 Metaspace       used 19783K, committed 20096K, reserved 1114112K
  class space    used 2347K, committed 2496K, reserved 1048576K
}
Event: 60.671 GC heap after
{Heap after GC invocations=3 (full 0):
 garbage-first heap   total 65536K, used 13957K [0x00000000fc000000, 0x0000000100000000)
  region size 1024K, 1 young (1024K), 1 survivors (1024K)
 Metaspace       used 19783K, committed 20096K, reserved 1114112K
  class space    used 2347K, committed 2496K, reserved 1048576K
}

